  main.cpp
d:\college\cairo uni\computer\first year\second term\data structures and alorithms\process scheduler project\process-scheduler\project-scheduler\SJF.h(18): warning C4244: 'argument' : conversion from 'time_t' to 'unsigned int', possible loss of data
d:\college\cairo uni\computer\first year\second term\data structures and alorithms\process scheduler project\process-scheduler\project-scheduler\Scheduler.h(26): error C2259: 'FCFS' : cannot instantiate abstract class
          due to following members:
          'int Processor::Run(void)' : is abstract
          d:\college\cairo uni\computer\first year\second term\data structures and alorithms\process scheduler project\process-scheduler\project-scheduler\Processor.h(18) : see declaration of 'Processor::Run'
d:\college\cairo uni\computer\first year\second term\data structures and alorithms\process scheduler project\process-scheduler\project-scheduler\Scheduler.h(27): error C2259: 'SJF' : cannot instantiate abstract class
          due to following members:
          'void Processor::PrintReadyQ(void)' : is abstract
          d:\college\cairo uni\computer\first year\second term\data structures and alorithms\process scheduler project\process-scheduler\project-scheduler\Processor.h(32) : see declaration of 'Processor::PrintReadyQ'
d:\college\cairo uni\computer\first year\second term\data structures and alorithms\process scheduler project\process-scheduler\project-scheduler\Scheduler.h(28): error C2259: 'SJF' : cannot instantiate abstract class
          due to following members:
          'void Processor::PrintReadyQ(void)' : is abstract
          d:\college\cairo uni\computer\first year\second term\data structures and alorithms\process scheduler project\process-scheduler\project-scheduler\Processor.h(32) : see declaration of 'Processor::PrintReadyQ'
  Generating Code...
  Compiling...
  FCFS.cpp
  Generating Code...
